2022-11-07 22:14:25.930  INFO 3360 --- [main] c.e.recipesapp.RecipesAppApplication     : Starting RecipesAppApplication using Java 17.0.1 on LAPTOP-ASESJDJB with PID 3360 (C:\Users\marty\IdeaProjects\RecipesApp\build\classes\java\main started by marty in C:\Users\marty\IdeaProjects\RecipesApp)
2022-11-07 22:14:25.932  INFO 3360 --- [main] c.e.recipesapp.RecipesAppApplication     : No active profile set, falling back to 1 default profile: "default"
2022-11-07 22:14:26.517  INFO 3360 --- [main] .s.d.r.c.RepositoryConfigurationDelegate : Bootstrapping Spring Data JPA repositories in DEFAULT mode.
2022-11-07 22:14:26.559  INFO 3360 --- [main] .s.d.r.c.RepositoryConfigurationDelegate : Finished Spring Data repository scanning in 36 ms. Found 2 JPA repository interfaces.
2022-11-07 22:14:26.944  INFO 3360 --- [main] o.s.b.w.embedded.tomcat.TomcatWebServer  : Tomcat initialized with port(s): 8881 (http)
2022-11-07 22:14:26.952  INFO 3360 --- [main] o.apache.catalina.core.StandardService   : Starting service [Tomcat]
2022-11-07 22:14:26.952  INFO 3360 --- [main] org.apache.catalina.core.StandardEngine  : Starting Servlet engine: [Apache Tomcat/9.0.68]
2022-11-07 22:14:27.043  INFO 3360 --- [main] o.a.c.c.C.[Tomcat].[localhost].[/]       : Initializing Spring embedded WebApplicationContext
2022-11-07 22:14:27.044  INFO 3360 --- [main] w.s.c.ServletWebServerApplicationContext : Root WebApplicationContext: initialization completed in 1080 ms
2022-11-07 22:14:27.065  INFO 3360 --- [main] com.zaxxer.hikari.HikariDataSource       : HikariPool-1 - Starting...
2022-11-07 22:14:27.235  INFO 3360 --- [main] com.zaxxer.hikari.HikariDataSource       : HikariPool-1 - Start completed.
2022-11-07 22:14:27.243  INFO 3360 --- [main] o.s.b.a.h2.H2ConsoleAutoConfiguration    : H2 console available at '/h2-console'. Database available at 'jdbc:h2:file:../recipesapp_db'
2022-11-07 22:14:27.335  INFO 3360 --- [main] o.hibernate.jpa.internal.util.LogHelper  : HHH000204: Processing PersistenceUnitInfo [name: default]
2022-11-07 22:14:27.370  INFO 3360 --- [main] org.hibernate.Version                    : HHH000412: Hibernate ORM core version 5.6.12.Final
2022-11-07 22:14:27.479  INFO 3360 --- [main] o.hibernate.annotations.common.Version   : HCANN000001: Hibernate Commons Annotations {5.1.2.Final}
2022-11-07 22:14:27.559  INFO 3360 --- [main] org.hibernate.dialect.Dialect            : HHH000400: Using dialect: org.hibernate.dialect.H2Dialect
2022-11-07 22:14:28.041  INFO 3360 --- [main] o.h.e.t.j.p.i.JtaPlatformInitiator       : HHH000490: Using JtaPlatform implementation: [org.hibernate.engine.transaction.jta.platform.internal.NoJtaPlatform]
2022-11-07 22:14:28.048  INFO 3360 --- [main] j.LocalContainerEntityManagerFactoryBean : Initialized JPA EntityManagerFactory for persistence unit 'default'
2022-11-07 22:14:28.262  WARN 3360 --- [main] JpaBaseConfiguration$JpaWebConfiguration : spring.jpa.open-in-view is enabled by default. Therefore, database queries may be performed during view rendering. Explicitly configure spring.jpa.open-in-view to disable this warning
2022-11-07 22:14:28.699  INFO 3360 --- [main] pertySourcedRequestMappingHandlerMapping : Mapped URL path [/v2/api-docs] onto method [springfox.documentation.swagger2.web.Swagger2Controller#getDocumentation(String, HttpServletRequest)]
2022-11-07 22:14:28.701  INFO 3360 --- [main] o.s.b.a.w.s.WelcomePageHandlerMapping    : Adding welcome page: class path resource [static/index.html]
2022-11-07 22:14:28.792  INFO 3360 --- [main] o.s.s.web.DefaultSecurityFilterChain     : Will secure any request with [org.springframework.security.web.session.DisableEncodeUrlFilter@4cf1ec2, org.springframework.security.web.context.request.async.WebAsyncManagerIntegrationFilter@16eb01d4, org.springframework.security.web.context.SecurityContextPersistenceFilter@155767a7, org.springframework.security.web.header.HeaderWriterFilter@7b6b8cea, org.springframework.security.web.authentication.logout.LogoutFilter@3f7bf0f6, org.springframework.security.web.authentication.UsernamePasswordAuthenticationFilter@2162598, org.springframework.security.web.authentication.ui.DefaultLoginPageGeneratingFilter@68303aad, org.springframework.security.web.authentication.ui.DefaultLogoutPageGeneratingFilter@4246f904, org.springframework.security.web.authentication.www.BasicAuthenticationFilter@5d3a238, org.springframework.security.web.savedrequest.RequestCacheAwareFilter@46067a74, org.springframework.security.web.servletapi.SecurityContextHolderAwareRequestFilter@7cf166db, org.springframework.security.web.authentication.AnonymousAuthenticationFilter@5b01b3f8, org.springframework.security.web.session.SessionManagementFilter@55a29589, org.springframework.security.web.access.ExceptionTranslationFilter@5cef5fc9, org.springframework.security.web.access.intercept.FilterSecurityInterceptor@60510791]
2022-11-07 22:14:28.949  INFO 3360 --- [main] o.s.b.w.embedded.tomcat.TomcatWebServer  : Tomcat started on port(s): 8881 (http) with context path ''
2022-11-07 22:14:28.950  INFO 3360 --- [main] d.s.w.p.DocumentationPluginsBootstrapper : Context refreshed
2022-11-07 22:14:28.969  INFO 3360 --- [main] d.s.w.p.DocumentationPluginsBootstrapper : Found 1 custom documentation plugin(s)
2022-11-07 22:14:28.988  INFO 3360 --- [main] s.d.s.w.s.ApiListingReferenceScanner     : Scanning for api listing references
2022-11-07 22:14:29.131  INFO 3360 --- [main] c.e.recipesapp.RecipesAppApplication     : Started RecipesAppApplication in 3.468 seconds (JVM running for 3.977)
